<?xml version="1.0" encoding="UTF-8"?>
<!-- Generated by org.testng.reporters.JUnitReportReporter -->
<testsuite hostname="mienpc" failures="0" tests="8" name="test.Day12_Checkbox_Dropdowlist_Radio" time="118.371" errors="0" timestamp="2024-02-19T20:18:11 ICT" skipped="0">
  <testcase classname="test.Day12_Checkbox_Dropdowlist_Radio" name="doPracticeRadio" time="11.726"/>
  <system-out/>
  <testcase classname="test.Day12_Checkbox_Dropdowlist_Radio" name="doPracticeSelectDropdownlist" time="15.391"/>
  <system-out/>
  <testcase classname="test.Day12_Checkbox_Dropdowlist_Radio" name="doPracticeDropdownlist" time="13.407"/>
  <system-out/>
  <testcase classname="test.Day12_Checkbox_Dropdowlist_Radio" name="doPracticeCheckbox" time="17.849"/>
  <system-out/>
  <testcase classname="test.Day12_Checkbox_Dropdowlist_Radio" name="doPracticeDropdownlist" time="13.787"/>
  <system-out/>
  <testcase classname="test.Day12_Checkbox_Dropdowlist_Radio" name="doPracticeSelectDropdownlist" time="15.941"/>
  <system-out/>
  <testcase classname="test.Day12_Checkbox_Dropdowlist_Radio" name="doPracticeCheckbox" time="17.955"/>
  <system-out/>
  <testcase classname="test.Day12_Checkbox_Dropdowlist_Radio" name="doPracticeRadio" time="12.315"/>
  <system-out/>
</testsuite> <!-- test.Day12_Checkbox_Dropdowlist_Radio -->
