<?xml version="1.0" encoding="UTF-8"?>
<!-- Generated by org.testng.reporters.JUnitReportReporter -->
<testsuite hostname="mienpc" failures="0" tests="6" name="test.Bai14PageFactory" time="11.304" errors="0" timestamp="2024-02-19T20:18:11 ICT" skipped="0">
  <testcase classname="test.Bai14PageFactory" name="TC02_LoginFailed_IncorrectPassword" time="0.004"/>
  <system-out/>
  <testcase classname="test.Bai14PageFactory" name="TC01_LoginSuccess" time="6.499"/>
  <system-out/>
  <testcase classname="test.Bai14PageFactory" name="TC02_LoginFailed_IncorrectPassword" time="0.000"/>
  <system-out/>
  <testcase classname="test.Bai14PageFactory" name="TC03_LoginFailed_IncorrectUser" time="0.004"/>
  <system-out/>
  <testcase classname="test.Bai14PageFactory" name="TC03_LoginFailed_IncorrectUser" time="0.007"/>
  <system-out/>
  <testcase classname="test.Bai14PageFactory" name="TC01_LoginSuccess" time="4.790"/>
  <system-out/>
</testsuite> <!-- test.Bai14PageFactory -->
